<?xml version="1.0" encoding="UTF-8"?>
<!-- Generated by org.testng.reporters.JUnitReportReporter -->
<testsuite skipped="0" hostname="HPEnvy" name="ebay.EbayTestCases" tests="1" failures="0" timestamp="03 abr 2019 23:35:53 GMT" time="21.085" errors="0">
  <testcase name="searchTestCase" time="21.085" classname="ebay.EbayTestCases"/>
</testsuite> <!-- ebay.EbayTestCases -->
