<?xml version="1.0" encoding="UTF-8"?>
<!-- Generated by org.testng.reporters.JUnitReportReporter -->
<testsuite skipped="0" hostname="HPEnvy" name="gmail.LoginTestCases" tests="4" failures="0" timestamp="03 abr 2019 23:38:55 GMT" time="73.588" errors="0">
  <testcase name="VerifyEmptyUserError" time="11.477" classname="gmail.LoginTestCases"/>
  <testcase name="VerifyWrongPasswordError" time="14.108" classname="gmail.LoginTestCases"/>
  <testcase name="loginTest" time="34.078" classname="gmail.LoginTestCases"/>
  <testcase name="VerifyEmptyPasswordError" time="13.925" classname="gmail.LoginTestCases"/>
</testsuite> <!-- gmail.LoginTestCases -->
