<?xml version="1.0" encoding="UTF-8"?>
<!-- Generated by org.testng.reporters.JUnitReportReporter -->
<testsuite skipped="0" hostname="DESKTOP-6E7KRNH" name="TestCase.ebay.EbayTestCases" tests="1" failures="0" timestamp="03 Apr 2019 14:36:23 GMT" time="15.720" errors="0">
  <testcase name="searchTestCase" time="15.720" classname="TestCase.ebay.EbayTestCases"/>
</testsuite> <!-- TestCase.ebay.EbayTestCases -->
