<?xml version="1.0" encoding="UTF-8"?>
<!-- Generated by org.testng.reporters.JUnitReportReporter -->
<testsuite skipped="0" hostname="DESKTOP-6E7KRNH" name="TestCase.gmail.LoginTestCases" tests="4" failures="0" timestamp="03 Apr 2019 14:25:32 GMT" time="49.389" errors="0">
  <testcase name="VerifyEmptyPasswordError" time="10.602" classname="TestCase.gmail.LoginTestCases"/>
  <testcase name="VerifyEmptyUserError" time="8.966" classname="TestCase.gmail.LoginTestCases"/>
  <testcase name="loginTest" time="18.481" classname="TestCase.gmail.LoginTestCases"/>
  <testcase name="VerifyWrongPasswordError" time="11.340" classname="TestCase.gmail.LoginTestCases"/>
</testsuite> <!-- TestCase.gmail.LoginTestCases -->
